<!DOCTYPE html>

<html>
  <head>
  <meta charset='utf-8'>
  <title>TestNG reports</title>

    <link type="text/css" href="testng-reports.css" rel="stylesheet" />
    <script type="text/javascript" src="jquery-1.7.1.min.js"></script>
    <script type="text/javascript" src="testng-reports.js"></script>
    <script type="text/javascript" src="https://www.google.com/jsapi"></script>
    <script type='text/javascript'>
      google.load('visualization', '1', {packages:['table']});
      google.setOnLoadCallback(drawTable);
      var suiteTableInitFunctions = new Array();
      var suiteTableData = new Array();
    </script>
    <!--
      <script type="text/javascript" src="jquery-ui/js/jquery-ui-1.8.16.custom.min.js"></script>
     -->
  </head>

  <body>
    <div class="top-banner-root">
      <span class="top-banner-title-font">Test results</span>
      <br/>
      <span class="top-banner-font-1">1 suite, 5 failed tests</span>
    </div> <!-- top-banner-root -->
    <div class="navigator-root">
      <div class="navigator-suite-header">
        <span>All suites</span>
        <a href="#" class="collapse-all-link" title="Collapse/expand all the suites">
          <img class="collapse-all-icon" src="collapseall.gif">
          </img> <!-- collapse-all-icon -->
        </a> <!-- collapse-all-link -->
      </div> <!-- navigator-suite-header -->
      <div class="suite">
        <div class="rounded-window">
          <div class="suite-header light-rounded-window-top">
            <a href="#" class="navigator-link" panel-name="suite-Testing_PetStore_website">
              <span class="suite-name border-failed">Testing PetStore website</span>
            </a> <!-- navigator-link -->
          </div> <!-- suite-header light-rounded-window-top -->
          <div class="navigator-suite-content">
            <div class="suite-section-title">
              <span>Info</span>
            </div> <!-- suite-section-title -->
            <div class="suite-section-content">
              <ul>
                <li>
                  <a href="#" class="navigator-link " panel-name="test-xml-Testing_PetStore_website">
                    <span>C:\Users\Natal\eclipse-workspace\TestNgProject2\testing.xml</span>
                  </a> <!-- navigator-link  -->
                </li>
                <li>
                  <a href="#" class="navigator-link " panel-name="testlist-Testing_PetStore_website">
                    <span class="test-stats">1 test</span>
                  </a> <!-- navigator-link  -->
                </li>
                <li>
                  <a href="#" class="navigator-link " panel-name="group-Testing_PetStore_website">
                    <span>0 groups</span>
                  </a> <!-- navigator-link  -->
                </li>
                <li>
                  <a href="#" class="navigator-link " panel-name="times-Testing_PetStore_website">
                    <span>Times</span>
                  </a> <!-- navigator-link  -->
                </li>
                <li>
                  <a href="#" class="navigator-link " panel-name="reporter-Testing_PetStore_website">
                    <span>Reporter output</span>
                  </a> <!-- navigator-link  -->
                </li>
                <li>
                  <a href="#" class="navigator-link " panel-name="ignored-methods-Testing_PetStore_website">
                    <span>Ignored methods</span>
                  </a> <!-- navigator-link  -->
                </li>
                <li>
                  <a href="#" class="navigator-link " panel-name="chronological-Testing_PetStore_website">
                    <span>Chronological view</span>
                  </a> <!-- navigator-link  -->
                </li>
              </ul>
            </div> <!-- suite-section-content -->
            <div class="result-section">
              <div class="suite-section-title">
                <span>Results</span>
              </div> <!-- suite-section-title -->
              <div class="suite-section-content">
                <ul>
                  <li>
                    <span class="method-stats">14 methods, 5 failed,   9 passed</span>
                  </li>
                  <li>
                    <span class="method-list-title failed">Failed methods</span>
                    <span class="show-or-hide-methods failed">
                      <a href="#" panel-name="suite-Testing_PetStore_website" class="hide-methods failed suite-Testing_PetStore_website"> (hide)</a> <!-- hide-methods failed suite-Testing_PetStore_website -->
                      <a href="#" panel-name="suite-Testing_PetStore_website" class="show-methods failed suite-Testing_PetStore_website"> (show)</a> <!-- show-methods failed suite-Testing_PetStore_website -->
                    </span>
                    <div class="method-list-content failed suite-Testing_PetStore_website">
                      <span>
                        <img width="3%" src="failed.png"/>
                        <a href="#" class="method navigator-link" panel-name="suite-Testing_PetStore_website" title="test.RegisrationTest" hash-for-method="emailTest">emailTest</a> <!-- method navigator-link -->
                      </span>
                      <br/>
                      <span>
                        <img width="3%" src="failed.png"/>
                        <a href="#" class="method navigator-link" panel-name="suite-Testing_PetStore_website" title="test.RegisrationTest" hash-for-method="incompleteRegistrationTest">incompleteRegistrationTest</a> <!-- method navigator-link -->
                      </span>
                      <br/>
                      <span>
                        <img width="3%" src="failed.png"/>
                        <a href="#" class="method navigator-link" panel-name="suite-Testing_PetStore_website" title="test.RegisrationTest" hash-for-method="numericValueTest">numericValueTest</a> <!-- method navigator-link -->
                      </span>
                      <br/>
                      <span>
                        <img width="3%" src="failed.png"/>
                        <a href="#" class="method navigator-link" panel-name="suite-Testing_PetStore_website" title="test.RegisrationTest" hash-for-method="registrationWithoutPasswordTest">registrationWithoutPasswordTest</a> <!-- method navigator-link -->
                      </span>
                      <br/>
                      <span>
                        <img width="3%" src="failed.png"/>
                        <a href="#" class="method navigator-link" panel-name="suite-Testing_PetStore_website" title="test.RegisrationTest" hash-for-method="repeatPasswordTest">repeatPasswordTest</a> <!-- method navigator-link -->
                      </span>
                      <br/>
                    </div> <!-- method-list-content failed suite-Testing_PetStore_website -->
                  </li>
                  <li>
                    <span class="method-list-title passed">Passed methods</span>
                    <span class="show-or-hide-methods passed">
                      <a href="#" panel-name="suite-Testing_PetStore_website" class="hide-methods passed suite-Testing_PetStore_website"> (hide)</a> <!-- hide-methods passed suite-Testing_PetStore_website -->
                      <a href="#" panel-name="suite-Testing_PetStore_website" class="show-methods passed suite-Testing_PetStore_website"> (show)</a> <!-- show-methods passed suite-Testing_PetStore_website -->
                    </span>
                    <div class="method-list-content passed suite-Testing_PetStore_website">
                      <span>
                        <img width="3%" src="passed.png"/>
                        <a href="#" class="method navigator-link" panel-name="suite-Testing_PetStore_website" title="test.PetStoreMenuTest" hash-for-method="allValidLinks">allValidLinks</a> <!-- method navigator-link -->
                      </span>
                      <br/>
                      <span>
                        <img width="3%" src="passed.png"/>
                        <a href="#" class="method navigator-link" panel-name="suite-Testing_PetStore_website" title="test.CartTest" hash-for-method="cartTest">cartTest</a> <!-- method navigator-link -->
                      </span>
                      <br/>
                      <span>
                        <img width="3%" src="passed.png"/>
                        <a href="#" class="method navigator-link" panel-name="suite-Testing_PetStore_website" title="test.PetStoreMenuTest" hash-for-method="clickOnLinks">clickOnLinks</a> <!-- method navigator-link -->
                      </span>
                      <br/>
                      <span>
                        <img width="3%" src="passed.png"/>
                        <a href="#" class="method navigator-link" panel-name="suite-Testing_PetStore_website" title="test.PetStoreMenuTest" hash-for-method="clickOnSignIn">clickOnSignIn</a> <!-- method navigator-link -->
                      </span>
                      <br/>
                      <span>
                        <img width="3%" src="passed.png"/>
                        <a href="#" class="method navigator-link" panel-name="suite-Testing_PetStore_website" title="test.CartTest" hash-for-method="emptyCartTest">emptyCartTest</a> <!-- method navigator-link -->
                      </span>
                      <br/>
                      <span>
                        <img width="3%" src="passed.png"/>
                        <a href="#" class="method navigator-link" panel-name="suite-Testing_PetStore_website" title="test.HomePageTest" hash-for-method="enterTest">enterTest</a> <!-- method navigator-link -->
                      </span>
                      <br/>
                      <span>
                        <img width="3%" src="passed.png"/>
                        <a href="#" class="method navigator-link" panel-name="suite-Testing_PetStore_website" title="test.RegisrationTest" hash-for-method="registerTest">registerTest</a> <!-- method navigator-link -->
                      </span>
                      <br/>
                      <span>
                        <img width="3%" src="passed.png"/>
                        <a href="#" class="method navigator-link" panel-name="suite-Testing_PetStore_website" title="test.SignInTest" hash-for-method="signInTest">signInTest</a> <!-- method navigator-link -->
                      </span>
                      <br/>
                      <span>
                        <img width="3%" src="passed.png"/>
                        <a href="#" class="method navigator-link" panel-name="suite-Testing_PetStore_website" title="test.SignInTest" hash-for-method="signInWithWrongPasswordTest">signInWithWrongPasswordTest</a> <!-- method navigator-link -->
                      </span>
                      <br/>
                    </div> <!-- method-list-content passed suite-Testing_PetStore_website -->
                  </li>
                </ul>
              </div> <!-- suite-section-content -->
            </div> <!-- result-section -->
          </div> <!-- navigator-suite-content -->
        </div> <!-- rounded-window -->
      </div> <!-- suite -->
    </div> <!-- navigator-root -->
    <div class="wrapper">
      <div class="main-panel-root">
        <div panel-name="suite-Testing_PetStore_website" class="panel Testing_PetStore_website">
          <div class="suite-Testing_PetStore_website-class-failed">
            <div class="main-panel-header rounded-window-top">
              <img src="failed.png"/>
              <span class="class-name">test.RegisrationTest</span>
            </div> <!-- main-panel-header rounded-window-top -->
            <div class="main-panel-content rounded-window-bottom">
              <div class="method">
                <div class="method-content">
                  <a name="emailTest">
                  </a> <!-- emailTest -->
                  <span class="method-name">emailTest</span>
                  <div class="stack-trace">java.lang.AssertionError: expected [false] but found [true]
	at test.RegisrationTest.emailTest(RegisrationTest.java:158)
... Removed 29 stack frames
</div> <!-- stack-trace -->
                </div> <!-- method-content -->
              </div> <!-- method -->
              <div class="method">
                <div class="method-content">
                  <a name="incompleteRegistrationTest">
                  </a> <!-- incompleteRegistrationTest -->
                  <span class="method-name">incompleteRegistrationTest</span>
                  <div class="stack-trace">org.openqa.selenium.NoSuchElementException: no such element: Unable to locate element: {&quot;method&quot;:&quot;xpath&quot;,&quot;selector&quot;:&quot;/html/body/h1&quot;}
  (Session info: chrome=80.0.3987.149)
For documentation on this error, please visit: https://www.seleniumhq.org/exceptions/no_such_element.html
Build info: version: &apos;3.141.59&apos;, revision: &apos;e82be7d358&apos;, time: &apos;2018-11-14T08:25:48&apos;
System info: host: &apos;DESKTOP-FRUG7U6&apos;, ip: &apos;192.168.0.16&apos;, os.name: &apos;Windows 10&apos;, os.arch: &apos;amd64&apos;, os.version: &apos;10.0&apos;, java.version: &apos;1.8.0_241&apos;
Driver info: org.openqa.selenium.chrome.ChromeDriver
Capabilities {acceptInsecureCerts: false, browserName: chrome, browserVersion: 80.0.3987.149, chrome: {chromedriverVersion: 79.0.3945.36 (3582db32b3389..., userDataDir: C:\Users\Natal\AppData\Loca...}, goog:chromeOptions: {debuggerAddress: localhost:63653}, javascriptEnabled: true, networkConnectionEnabled: false, pageLoadStrategy: normal, platform: WINDOWS, platformName: WINDOWS, proxy: Proxy(), setWindowRect: true, strictFileInteractability: false, timeouts: {implicit: 0, pageLoad: 300000, script: 30000}, unhandledPromptBehavior: dismiss and notify}
Session ID: 64294d0f7f65bac7eacce9a8ccf55dbe
*** Element info: {Using=xpath, value=/html/body/h1}
	at org.openqa.selenium.remote.http.W3CHttpResponseCodec.createException(W3CHttpResponseCodec.java:187)
	at org.openqa.selenium.remote.http.W3CHttpResponseCodec.decode(W3CHttpResponseCodec.java:122)
	at org.openqa.selenium.remote.http.W3CHttpResponseCodec.decode(W3CHttpResponseCodec.java:49)
	at org.openqa.selenium.remote.HttpCommandExecutor.execute(HttpCommandExecutor.java:158)
	at org.openqa.selenium.remote.service.DriverCommandExecutor.execute(DriverCommandExecutor.java:83)
	at org.openqa.selenium.remote.RemoteWebDriver.execute(RemoteWebDriver.java:552)
	at org.openqa.selenium.remote.RemoteWebDriver.findElement(RemoteWebDriver.java:323)
	at org.openqa.selenium.remote.RemoteWebDriver.findElementByXPath(RemoteWebDriver.java:428)
	at org.openqa.selenium.By$ByXPath.findElement(By.java:353)
	at org.openqa.selenium.remote.RemoteWebDriver.findElement(RemoteWebDriver.java:315)
	at pages.RegistrationPage.getError(RegistrationPage.java:207)
	at pages.RegistrationPage.errorRegistration(RegistrationPage.java:212)
	at test.RegisrationTest.incompleteRegistrationTest(RegisrationTest.java:265)
... Removed 29 stack frames
</div> <!-- stack-trace -->
                </div> <!-- method-content -->
              </div> <!-- method -->
              <div class="method">
                <div class="method-content">
                  <a name="numericValueTest">
                  </a> <!-- numericValueTest -->
                  <span class="method-name">numericValueTest</span>
                  <div class="stack-trace">java.lang.AssertionError: expected [false] but found [true]
	at test.RegisrationTest.numericValueTest(RegisrationTest.java:197)
... Removed 29 stack frames
</div> <!-- stack-trace -->
                </div> <!-- method-content -->
              </div> <!-- method -->
              <div class="method">
                <div class="method-content">
                  <a name="registrationWithoutPasswordTest">
                  </a> <!-- registrationWithoutPasswordTest -->
                  <span class="method-name">registrationWithoutPasswordTest</span>
                  <div class="stack-trace">org.openqa.selenium.NoSuchElementException: no such element: Unable to locate element: {&quot;method&quot;:&quot;xpath&quot;,&quot;selector&quot;:&quot;/html/body/h1&quot;}
  (Session info: chrome=80.0.3987.149)
For documentation on this error, please visit: https://www.seleniumhq.org/exceptions/no_such_element.html
Build info: version: &apos;3.141.59&apos;, revision: &apos;e82be7d358&apos;, time: &apos;2018-11-14T08:25:48&apos;
System info: host: &apos;DESKTOP-FRUG7U6&apos;, ip: &apos;192.168.0.16&apos;, os.name: &apos;Windows 10&apos;, os.arch: &apos;amd64&apos;, os.version: &apos;10.0&apos;, java.version: &apos;1.8.0_241&apos;
Driver info: org.openqa.selenium.chrome.ChromeDriver
Capabilities {acceptInsecureCerts: false, browserName: chrome, browserVersion: 80.0.3987.149, chrome: {chromedriverVersion: 79.0.3945.36 (3582db32b3389..., userDataDir: C:\Users\Natal\AppData\Loca...}, goog:chromeOptions: {debuggerAddress: localhost:63653}, javascriptEnabled: true, networkConnectionEnabled: false, pageLoadStrategy: normal, platform: WINDOWS, platformName: WINDOWS, proxy: Proxy(), setWindowRect: true, strictFileInteractability: false, timeouts: {implicit: 0, pageLoad: 300000, script: 30000}, unhandledPromptBehavior: dismiss and notify}
Session ID: 64294d0f7f65bac7eacce9a8ccf55dbe
*** Element info: {Using=xpath, value=/html/body/h1}
	at org.openqa.selenium.remote.http.W3CHttpResponseCodec.createException(W3CHttpResponseCodec.java:187)
	at org.openqa.selenium.remote.http.W3CHttpResponseCodec.decode(W3CHttpResponseCodec.java:122)
	at org.openqa.selenium.remote.http.W3CHttpResponseCodec.decode(W3CHttpResponseCodec.java:49)
	at org.openqa.selenium.remote.HttpCommandExecutor.execute(HttpCommandExecutor.java:158)
	at org.openqa.selenium.remote.service.DriverCommandExecutor.execute(DriverCommandExecutor.java:83)
	at org.openqa.selenium.remote.RemoteWebDriver.execute(RemoteWebDriver.java:552)
	at org.openqa.selenium.remote.RemoteWebDriver.findElement(RemoteWebDriver.java:323)
	at org.openqa.selenium.remote.RemoteWebDriver.findElementByXPath(RemoteWebDriver.java:428)
	at org.openqa.selenium.By$ByXPath.findElement(By.java:353)
	at org.openqa.selenium.remote.RemoteWebDriver.findElement(RemoteWebDriver.java:315)
	at pages.RegistrationPage.getError(RegistrationPage.java:207)
	at pages.RegistrationPage.errorRegistration(RegistrationPage.java:212)
	at test.RegisrationTest.registrationWithoutPasswordTest(RegisrationTest.java:234)
... Removed 29 stack frames
</div> <!-- stack-trace -->
                </div> <!-- method-content -->
              </div> <!-- method -->
              <div class="method">
                <div class="method-content">
                  <a name="repeatPasswordTest">
                  </a> <!-- repeatPasswordTest -->
                  <span class="method-name">repeatPasswordTest</span>
                  <div class="stack-trace">java.lang.AssertionError: expected [false] but found [true]
	at test.RegisrationTest.repeatPasswordTest(RegisrationTest.java:117)
... Removed 29 stack frames
</div> <!-- stack-trace -->
                </div> <!-- method-content -->
              </div> <!-- method -->
            </div> <!-- main-panel-content rounded-window-bottom -->
          </div> <!-- suite-Testing_PetStore_website-class-failed -->
          <div class="suite-Testing_PetStore_website-class-passed">
            <div class="main-panel-header rounded-window-top">
              <img src="passed.png"/>
              <span class="class-name">test.CartTest</span>
            </div> <!-- main-panel-header rounded-window-top -->
            <div class="main-panel-content rounded-window-bottom">
              <div class="method">
                <div class="method-content">
                  <a name="cartTest">
                  </a> <!-- cartTest -->
                  <span class="method-name">cartTest</span>
                </div> <!-- method-content -->
              </div> <!-- method -->
              <div class="method">
                <div class="method-content">
                  <a name="emptyCartTest">
                  </a> <!-- emptyCartTest -->
                  <span class="method-name">emptyCartTest</span>
                </div> <!-- method-content -->
              </div> <!-- method -->
            </div> <!-- main-panel-content rounded-window-bottom -->
          </div> <!-- suite-Testing_PetStore_website-class-passed -->
          <div class="suite-Testing_PetStore_website-class-passed">
            <div class="main-panel-header rounded-window-top">
              <img src="passed.png"/>
              <span class="class-name">test.RegisrationTest</span>
            </div> <!-- main-panel-header rounded-window-top -->
            <div class="main-panel-content rounded-window-bottom">
              <div class="method">
                <div class="method-content">
                  <a name="registerTest">
                  </a> <!-- registerTest -->
                  <span class="method-name">registerTest</span>
                </div> <!-- method-content -->
              </div> <!-- method -->
            </div> <!-- main-panel-content rounded-window-bottom -->
          </div> <!-- suite-Testing_PetStore_website-class-passed -->
          <div class="suite-Testing_PetStore_website-class-passed">
            <div class="main-panel-header rounded-window-top">
              <img src="passed.png"/>
              <span class="class-name">test.SignInTest</span>
            </div> <!-- main-panel-header rounded-window-top -->
            <div class="main-panel-content rounded-window-bottom">
              <div class="method">
                <div class="method-content">
                  <a name="signInTest">
                  </a> <!-- signInTest -->
                  <span class="method-name">signInTest</span>
                </div> <!-- method-content -->
              </div> <!-- method -->
              <div class="method">
                <div class="method-content">
                  <a name="signInWithWrongPasswordTest">
                  </a> <!-- signInWithWrongPasswordTest -->
                  <span class="method-name">signInWithWrongPasswordTest</span>
                </div> <!-- method-content -->
              </div> <!-- method -->
            </div> <!-- main-panel-content rounded-window-bottom -->
          </div> <!-- suite-Testing_PetStore_website-class-passed -->
          <div class="suite-Testing_PetStore_website-class-passed">
            <div class="main-panel-header rounded-window-top">
              <img src="passed.png"/>
              <span class="class-name">test.PetStoreMenuTest</span>
            </div> <!-- main-panel-header rounded-window-top -->
            <div class="main-panel-content rounded-window-bottom">
              <div class="method">
                <div class="method-content">
                  <a name="allValidLinks">
                  </a> <!-- allValidLinks -->
                  <span class="method-name">allValidLinks</span>
                </div> <!-- method-content -->
              </div> <!-- method -->
              <div class="method">
                <div class="method-content">
                  <a name="clickOnLinks">
                  </a> <!-- clickOnLinks -->
                  <span class="method-name">clickOnLinks</span>
                </div> <!-- method-content -->
              </div> <!-- method -->
              <div class="method">
                <div class="method-content">
                  <a name="clickOnSignIn">
                  </a> <!-- clickOnSignIn -->
                  <span class="method-name">clickOnSignIn</span>
                </div> <!-- method-content -->
              </div> <!-- method -->
            </div> <!-- main-panel-content rounded-window-bottom -->
          </div> <!-- suite-Testing_PetStore_website-class-passed -->
          <div class="suite-Testing_PetStore_website-class-passed">
            <div class="main-panel-header rounded-window-top">
              <img src="passed.png"/>
              <span class="class-name">test.HomePageTest</span>
            </div> <!-- main-panel-header rounded-window-top -->
            <div class="main-panel-content rounded-window-bottom">
              <div class="method">
                <div class="method-content">
                  <a name="enterTest">
                  </a> <!-- enterTest -->
                  <span class="method-name">enterTest</span>
                </div> <!-- method-content -->
              </div> <!-- method -->
            </div> <!-- main-panel-content rounded-window-bottom -->
          </div> <!-- suite-Testing_PetStore_website-class-passed -->
        </div> <!-- panel Testing_PetStore_website -->
        <div panel-name="test-xml-Testing_PetStore_website" class="panel">
          <div class="main-panel-header rounded-window-top">
            <span class="header-content">C:\Users\Natal\eclipse-workspace\TestNgProject2\testing.xml</span>
          </div> <!-- main-panel-header rounded-window-top -->
          <div class="main-panel-content rounded-window-bottom">
            <pre>
&lt;?xml version=&quot;1.0&quot; encoding=&quot;UTF-8&quot;?&gt;
&lt;!DOCTYPE suite SYSTEM &quot;http://testng.org/testng-1.0.dtd&quot;&gt;
&lt;suite guice-stage=&quot;DEVELOPMENT&quot; name=&quot;Testing PetStore website&quot;&gt;
  &lt;test thread-count=&quot;5&quot; name=&quot;Regression&quot;&gt;
    &lt;classes&gt;
      &lt;class name=&quot;test.HomePageTest&quot;/&gt;
      &lt;class name=&quot;test.PetStoreMenuTest&quot;/&gt;
      &lt;class name=&quot;test.RegisrationTest&quot;/&gt;
      &lt;class name=&quot;test.SignInTest&quot;/&gt;
      &lt;class name=&quot;test.CartTest&quot;/&gt;
    &lt;/classes&gt;
  &lt;/test&gt; &lt;!-- Regression --&gt;
&lt;/suite&gt; &lt;!-- Testing PetStore website --&gt;
            </pre>
          </div> <!-- main-panel-content rounded-window-bottom -->
        </div> <!-- panel -->
        <div panel-name="testlist-Testing_PetStore_website" class="panel">
          <div class="main-panel-header rounded-window-top">
            <span class="header-content">Tests for Testing PetStore website</span>
          </div> <!-- main-panel-header rounded-window-top -->
          <div class="main-panel-content rounded-window-bottom">
            <ul>
              <li>
                <span class="test-name">Regression (5 classes)</span>
              </li>
            </ul>
          </div> <!-- main-panel-content rounded-window-bottom -->
        </div> <!-- panel -->
        <div panel-name="group-Testing_PetStore_website" class="panel">
          <div class="main-panel-header rounded-window-top">
            <span class="header-content">Groups for Testing PetStore website</span>
          </div> <!-- main-panel-header rounded-window-top -->
          <div class="main-panel-content rounded-window-bottom">
          </div> <!-- main-panel-content rounded-window-bottom -->
        </div> <!-- panel -->
        <div panel-name="times-Testing_PetStore_website" class="panel">
          <div class="main-panel-header rounded-window-top">
            <span class="header-content">Times for Testing PetStore website</span>
          </div> <!-- main-panel-header rounded-window-top -->
          <div class="main-panel-content rounded-window-bottom">
            <div class="times-div">
              <script type="text/javascript">
suiteTableInitFunctions.push('tableData_Testing_PetStore_website');
function tableData_Testing_PetStore_website() {
var data = new google.visualization.DataTable();
data.addColumn('number', 'Number');
data.addColumn('string', 'Method');
data.addColumn('string', 'Class');
data.addColumn('number', 'Time (ms)');
data.addRows(14);
data.setCell(0, 0, 0)
data.setCell(0, 1, 'repeatPasswordTest')
data.setCell(0, 2, 'test.RegisrationTest')
data.setCell(0, 3, 349029);
data.setCell(1, 0, 1)
data.setCell(1, 1, 'registerTest')
data.setCell(1, 2, 'test.RegisrationTest')
data.setCell(1, 3, 316226);
data.setCell(2, 0, 2)
data.setCell(2, 1, 'numericValueTest')
data.setCell(2, 2, 'test.RegisrationTest')
data.setCell(2, 3, 304689);
data.setCell(3, 0, 3)
data.setCell(3, 1, 'registrationWithoutPasswordTest')
data.setCell(3, 2, 'test.RegisrationTest')
data.setCell(3, 3, 289929);
data.setCell(4, 0, 4)
data.setCell(4, 1, 'emailTest')
data.setCell(4, 2, 'test.RegisrationTest')
data.setCell(4, 3, 278601);
data.setCell(5, 0, 5)
data.setCell(5, 1, 'incompleteRegistrationTest')
data.setCell(5, 2, 'test.RegisrationTest')
data.setCell(5, 3, 195077);
data.setCell(6, 0, 6)
data.setCell(6, 1, 'signInTest')
data.setCell(6, 2, 'test.SignInTest')
data.setCell(6, 3, 114398);
data.setCell(7, 0, 7)
data.setCell(7, 1, 'signInWithWrongPasswordTest')
data.setCell(7, 2, 'test.SignInTest')
data.setCell(7, 3, 36869);
data.setCell(8, 0, 8)
data.setCell(8, 1, 'clickOnLinks')
data.setCell(8, 2, 'test.PetStoreMenuTest')
data.setCell(8, 3, 15931);
data.setCell(9, 0, 9)
data.setCell(9, 1, 'cartTest')
data.setCell(9, 2, 'test.CartTest')
data.setCell(9, 3, 15064);
data.setCell(10, 0, 10)
data.setCell(10, 1, 'enterTest')
data.setCell(10, 2, 'test.HomePageTest')
data.setCell(10, 3, 12724);
data.setCell(11, 0, 11)
data.setCell(11, 1, 'allValidLinks')
data.setCell(11, 2, 'test.PetStoreMenuTest')
data.setCell(11, 3, 8852);
data.setCell(12, 0, 12)
data.setCell(12, 1, 'emptyCartTest')
data.setCell(12, 2, 'test.CartTest')
data.setCell(12, 3, 5209);
data.setCell(13, 0, 13)
data.setCell(13, 1, 'clickOnSignIn')
data.setCell(13, 2, 'test.PetStoreMenuTest')
data.setCell(13, 3, 2346);
window.suiteTableData['Testing_PetStore_website']= { tableData: data, tableDiv: 'times-div-Testing_PetStore_website'}
return data;
}
              </script>
              <span class="suite-total-time">Total running time: 32 minutes</span>
              <div id="times-div-Testing_PetStore_website">
              </div> <!-- times-div-Testing_PetStore_website -->
            </div> <!-- times-div -->
          </div> <!-- main-panel-content rounded-window-bottom -->
        </div> <!-- panel -->
        <div panel-name="reporter-Testing_PetStore_website" class="panel">
          <div class="main-panel-header rounded-window-top">
            <span class="header-content">Reporter output for Testing PetStore website</span>
          </div> <!-- main-panel-header rounded-window-top -->
          <div class="main-panel-content rounded-window-bottom">
          </div> <!-- main-panel-content rounded-window-bottom -->
        </div> <!-- panel -->
        <div panel-name="ignored-methods-Testing_PetStore_website" class="panel">
          <div class="main-panel-header rounded-window-top">
            <span class="header-content">0 ignored methods</span>
          </div> <!-- main-panel-header rounded-window-top -->
          <div class="main-panel-content rounded-window-bottom">
          </div> <!-- main-panel-content rounded-window-bottom -->
        </div> <!-- panel -->
        <div panel-name="chronological-Testing_PetStore_website" class="panel">
          <div class="main-panel-header rounded-window-top">
            <span class="header-content">Methods in chronological order</span>
          </div> <!-- main-panel-header rounded-window-top -->
          <div class="main-panel-content rounded-window-bottom">
            <div class="chronological-class">
              <div class="chronological-class-name">test.HomePageTest</div> <!-- chronological-class-name -->
              <div class="configuration-class before">
                <span class="method-name">setup</span>
                <span class="method-start">0 ms</span>
              </div> <!-- configuration-class before -->
              <div class="test-method">
                <span class="method-name">enterTest</span>
                <span class="method-start">27207 ms</span>
              </div> <!-- test-method -->
              <div class="configuration-class after">
                <span class="method-name">afterClass</span>
                <span class="method-start">39966 ms</span>
              </div> <!-- configuration-class after -->
            </div> <!-- chronological-class -->
            <div class="chronological-class">
              <div class="chronological-class-name">test.PetStoreMenuTest</div> <!-- chronological-class-name -->
              <div class="configuration-class before">
                <span class="method-name">setup</span>
                <span class="method-start">41850 ms</span>
              </div> <!-- configuration-class before -->
              <div class="test-method">
                <span class="method-name">clickOnLinks</span>
                <span class="method-start">57282 ms</span>
              </div> <!-- test-method -->
              <div class="test-method">
                <span class="method-name">clickOnSignIn</span>
                <span class="method-start">73214 ms</span>
              </div> <!-- test-method -->
              <div class="test-method">
                <span class="method-name">allValidLinks</span>
                <span class="method-start">75561 ms</span>
              </div> <!-- test-method -->
              <div class="configuration-class after">
                <span class="method-name">afterClass</span>
                <span class="method-start">84413 ms</span>
              </div> <!-- configuration-class after -->
            </div> <!-- chronological-class -->
            <div class="chronological-class">
              <div class="chronological-class-name">test.RegisrationTest</div> <!-- chronological-class-name -->
              <div class="configuration-class before">
                <span class="method-name">setup</span>
                <span class="method-start">84811 ms</span>
              </div> <!-- configuration-class before -->
              <div class="test-method">
                <img src="failed.png">
                </img>
                <span class="method-name">repeatPasswordTest</span>
                <span class="method-start">97387 ms</span>
              </div> <!-- test-method -->
              <div class="test-method">
                <img src="failed.png">
                </img>
                <span class="method-name">emailTest</span>
                <span class="method-start">446981 ms</span>
              </div> <!-- test-method -->
              <div class="test-method">
                <img src="failed.png">
                </img>
                <span class="method-name">numericValueTest</span>
                <span class="method-start">725583 ms</span>
              </div> <!-- test-method -->
              <div class="test-method">
                <img src="failed.png">
                </img>
                <span class="method-name">registrationWithoutPasswordTest</span>
                <span class="method-start">1030276 ms</span>
              </div> <!-- test-method -->
              <div class="test-method">
                <img src="failed.png">
                </img>
                <span class="method-name">incompleteRegistrationTest</span>
                <span class="method-start">1320205 ms</span>
              </div> <!-- test-method -->
              <div class="test-method">
                <span class="method-name">registerTest</span>
                <span class="method-start">1515286 ms</span>
              </div> <!-- test-method -->
              <div class="configuration-class after">
                <span class="method-name">afterClass</span>
                <span class="method-start">1831514 ms</span>
              </div> <!-- configuration-class after -->
            </div> <!-- chronological-class -->
            <div class="chronological-class">
              <div class="chronological-class-name">test.SignInTest</div> <!-- chronological-class-name -->
              <div class="configuration-class before">
                <span class="method-name">setup</span>
                <span class="method-start">1852757 ms</span>
              </div> <!-- configuration-class before -->
              <div class="test-method">
                <span class="method-name">signInTest</span>
                <span class="method-start">1872903 ms</span>
              </div> <!-- test-method -->
              <div class="test-method">
                <span class="method-name">signInWithWrongPasswordTest</span>
                <span class="method-start">1987303 ms</span>
              </div> <!-- test-method -->
              <div class="configuration-class after">
                <span class="method-name">afterClass</span>
                <span class="method-start">2024173 ms</span>
              </div> <!-- configuration-class after -->
            </div> <!-- chronological-class -->
            <div class="chronological-class">
              <div class="chronological-class-name">test.CartTest</div> <!-- chronological-class-name -->
              <div class="configuration-class before">
                <span class="method-name">setup</span>
                <span class="method-start">2026215 ms</span>
              </div> <!-- configuration-class before -->
              <div class="test-method">
                <span class="method-name">cartTest</span>
                <span class="method-start">2041266 ms</span>
              </div> <!-- test-method -->
              <div class="test-method">
                <span class="method-name">emptyCartTest</span>
                <span class="method-start">2056331 ms</span>
              </div> <!-- test-method -->
              <div class="configuration-class after">
                <span class="method-name">afterClass</span>
                <span class="method-start">2061541 ms</span>
              </div> <!-- configuration-class after -->
          </div> <!-- main-panel-content rounded-window-bottom -->
        </div> <!-- panel -->
      </div> <!-- main-panel-root -->
    </div> <!-- wrapper -->
  </body>
</html>
